    1  wget https://raw.githubusercontent.com/jyotikahp/DemoRepoForCS131/main/spotify-2023.csv
    2  vi - spotify-2023.csv
    3  vi spotify-2023.csv
    4  wget www.github.com
    5  history > cmds.log
    6  touch cmds.log
    7  ls
    8  git status
    9  git add cmds.log
   10  cd cs131
   11  cd CS131
   12  cd ~/Desktop
   13  cd CS131
   14  mkdir worksheet1
   15  cd worksheet1/
   16  git status
   17  git init
   18  touch cmds.log
   19  ls
   20  git status
   21  git add cmds.log
   22  git status
   23  git commit -m "Adding history file to Worksheet1 on GitHub"
   24  git config --global user.name thienluan2901
   25  git commit -m "Adding history file to Worksheet1 on GitHub"
   26  git status
   27  ls
   28  git status
   29  touch git add cmds.log
   30  git status
   31  git add cmds.log
   32  git status
   33  touch cmds.log
   34  ls
   35  git commit - "adding history"
   36  git commit -m "adding history"
   37  ls
   38  del "add"
   39  clear
   40  wget www.github.com
   41  history > cmds.log
   42  ls
   43  git status
   44  git add cmds.log
   45  git status
   46  git commit -m "Adding history file to Worksheet1"
   47  git push origin main
   48  git push origin subbranch
   49  git remote add origin https://github.com/thienluan2901/cs131/blob/main/Worksheet1
   50  git push -u origin main
   51  git remote add origin https://github.com/thienluan2901/cs131/tree/main.git
   52  git push origin main
   53  git status
   54  git add cmds.log
   55  git status
   56  ls
   57  git push -u origin master
   58  passwd
   59  wget www.github.com
   60  git--version
   61  /bin/bash -c "$(curl -fsSL https://raw.githubusercontent.com/Homebrew/install/HEAD/install.sh)"
   62  brew install git-gui
   63  wget www.github.com
   64  cd~/Desktop
   65  mkdir worksheet1
   66  cd worksheet1/
   67  git init
   68  ls
   69  rm add
   70  ls
   71  rm git
   72  rm index.html
   73  ls
   74  git status
   75  rm cmds.log
   76  ls
   77  wget www.github.com
   78  ls
   79  history > cmds.log
   80  ls
   81  touch newfile.txt
   82  ls
   83  git status
   84  git add cmds.log
   85  git status
   86  git commit -m "Adding file to worksheet on Github"
   87  git push origin master
   88  git remote add origin https://github.com/thienluan2901/cs131.git
   89  git push -u origin master
   90  git push -u origin main
   91  git remote remove origin https://github.com/thienluan2901/cs131.git
   92  git remote remove https://github.com/thienluan2901/cs131.git
   93  ls
   94  git init
   95  wget www.github.com
   96  history > cmds.log
   97  ls
   98  git add cmds.log
   99  git status
  100  git commit -m "Adding file to Worksheet1 directory"
  101  git remote add origin https://github.com/thienluan2901/cs131/blob/master/Worksheet1.git
  102  git remote remove origin
  103  git remote add origin https://github.com/thienluan2901/cs131/blob/master/Worksheet1.git
  104  git push -u origin master
  105  git remote remove origin
  106  git remote add origin https://github.com/thienluan2901/cs131/Worksheet1.git
  107  git push -u origin master
  108  git remote remove origin
  109  git remote add origin https://github.com/thienluan2901/cs131/Worksheet1
  110  git push -u origin master
  111  git remote remove origin
  112  git remote add origin https://github.com/thienluan2901/cs131/Worksheet1
  113  git remote remove origin
  114  git remote add origin https://github.com/thienluan2901/cs131/Worksheet1
  115  git remote remove origin
  116  git remote add origin https://github.com/thienluan2901/cs131.git
  117  git push -u origin master
  118  git remote remove origin
  119  git remote add origin https://github.com/thienluan2901/cs131/tree/master/Worksheet1.git
  120  git push -u origin master
  121  git push origin master
  122  ls
  123  git add cmds.log
  124  git init
  125  git add cmds.log
  126  git status
  127  git commit -m "Adding file to GitHub" 
  128  git push origin master
  129  git branch
  130  git checkout-b worksheet1
  131  git checkout -b worksheet1
  132  git branch
  133  git remote add origin https://github.com/thienluan2901/cs131.git
  134  git push -u origin master
  135  git push origin master
  136  wget www.github.com
  137  mkdir Worksheet1
  138  cd Worksheet1/
  139  git init
  140  touch newfile.txt
  141  ls
  142  git status
  143  git add newfile.txt
  144  git status
  145  git commit -m "This is my first commit"
  146  git checkout -b sub-branch
  147  git branch
  148  git remote add origin https://github.com/thienluan2901/cs131.git
  149  git push -u origin master
  150  git status
  151  git checkout master
  152  git push -u origin master
  153  git push -f origin master
  154  history > cmds.log
  155  ls
  156  git push origin master
  157  git add cmds.log
  158  git status
  159  git commit -m "Adding history file to GitHub repo"
  160  git push origin master
  161  git init
  162  ls
  163  rm cmds.log
  164  ls
  165  history > cmds.log
  166  ls
  167  git add
  168  git add .
  169  git commit -m "Initial commit msg"
  170  git status
  171  git push origin master -force
  172  git push origin master --force
  173  ls
  174  rm newfile.txt
  175  ls
  176  git add Worksheet1
  177  git add Worksheet1 git add .
  178  ls
  179  ls Worksheet1
  180  git init
  181  git add WorkSheet1
  182  mkdir Worksheet1
  183  git add worksheet1
  184  ls worksheet1
  185  git remove worksheet1
  186  ls
  187  rm worksheet1
  188  git status
  189  git add Worksheet1
  190  git commit -m "Adding worksheet1 to github"
  191  git status
  192  git add Worksheet1
  193  git status
  194  git restore worksheet1
  195  git status
  196  git commit -m "add worksheet"
  197  git status
  198  ls
  199  git init
  200  git add Worksheet1
  201  git status
  202  ls
  203  ls Worksheet1
  204  git init
  205  git status
  206  git add Worksheet1
  207  git status
  208  git add -u :/
  209  git status
  210  git add -A
  211  git commit -m "Update"
  212  git status
  213  ls
  214  git add Worksheet1
  215  git status
  216  git commit -a
  217  ls
  218  rm cmds.log
  219  rm index.html
  220  rm all
  221  rm -r
  222  ls ~/data/
  223  ls ~/daosp24/
  224  ls ~/worksheet1/
  225  rm /daosp24/*
  226  rm  /mnt/scratch/SP24_CS131_Jyotika/daosp24/
  227  ls
  228  rm index.html.1
  229  rm index.html.2
  230  rm index.html.3
  231  rm index.html.4
  232  rm -r
  233  rm -r worksheet1
  234  ls
  235  rm -r worksheet1
  236  ls
  237  rm -r Worksheet1
  238  y
  239  ls
  240  rm spotify-2023.csv
  241  ls
  242  git init
  243  wget www.github.com
  244  cd Worksheet1/
  245  mkdir Worksheet1
  246  ls
  247  cd Worksheet1/
  248  history > cmds.log
  249  ls
  250  cd daosp24/
  251  cd daosp24@sjsu/
  252  cd
  253  git add Worksheet1
  254  git status
  255  cd Worksheet1
  256  ls
  257  cd
  258  ls
  259  git add Worksheet1 add cmds.log
  260  git add Worksheet1
  261  git commit -m"Adding worksheet1"
  262  git status
  263  mkdir cs131
  264  cd cs131
  265  ls
  266  mkdir worksheet1
  267  ls
  268  cd worksheet1
  269  history > cmds.log
  270  cd
  271  cd cs131
  272  git init
  273  git status
  274  git add worksheet1
  275  git status
  276  git commit -m"adding worksheet1 to github"
  277  git status
  278  git remote add origin https://github.com/thienluan2901/cs131.git
  279  git push -u origin master
  280  git pull
  281  git push -u origin master
  282  git pull --rebase
  283  git push -u origin master
  284  git pull origin master
  285  git branch
  286  git push -u origin master
  287  git pull origin main
  288  git pull origin master
  289  git pull --rebase origin master
  290  git push -u origin master
  291  git push origin master
  292  ls
  293  ls | grep test
  294  ls | grep test | wc -l
  295  ls -lrt
  296  ls | grep cs131
  297  mkdir files
  298  ls
  299  cd files
  300  cd ..
  301  ls
  302  find. -name index.html
  303  find . -name index
  304  rm index.html
  305  ls
  306  cd cs131
  307  ls
  308  cd .
  309  cd worksheet1
  310  ls
  311  cd .
  312  cd ..
  313  cd worksheet1
  314  cd cs131
  315  cd worksheet1
  316  cd home
  317  cd ..
  318  ls
  319  find . /cs131/worksheet1 -name cmds
  320  find . /cs131/worksheet1/ -name cmds.log
  321  ls -i
  322  ls -lart
  323  cd Worksheet1
  324  ls
  325  cat cmds.log
  326  vi cmds.log
  327  cd ~
  328  ls
  329  cd cs131
  330  mkdir worksheet2
  331  ls
  332  cd worksheet2
  333  ls
  334  wget https://raw.githubusercontent.com/jyotikahp/DemoRepoForCS131/main/Global%20YouTube%20Statistics.csv
  335  ls
  336  cat Global YouTube Statistics.csv
  337  cat 'Global YouTube Statistics.csv'
  338  cd cs131
  339  cd ~
  340  ls
  341  cd cs131
  342  git init
  343  cd worksheet2
  344  grep -i "United States" 'Global YouTube Statistics.csv' >> grepOutput.txt
  345  ls
  346  cat grepOutput.txt
  347  vi grepOutput.txt
  348  grep -i "Music" >> grepOutput.txt
  349  grep -i "Music" 'Global YouTube Statistics.csv' >> grepOutput.txt
  350  -vi grepOutput.txt 
  351  vi grepOutput.txt 
  352  ls
  353  rm grepOutput.txt 
  354  ls
  355  grep -i "United States" 'Global YouTube Statistics.csv' >> grepUSOutput.txt
  356  ls
  357  cat grepUSOutput.txt 
  358  grep -i "Music" 'Global YouTube Statistics.csv' >> grepMusicOutput.txt
  359  ls
  360  wc -l 'Global YouTube Statistics.csv' >> counts.txt
  361  ls
  362  cat counts.txt
  363  wc -l grepMusicOutput.txt > counts.txt 
  364  cat counts.txt 
  365  wc -w grepMusicOutput.txt >> counts.txt 
  366  cat counts.txt 
  367  vi grepMusicOutput.txt 
  368  vi counts.txt 
  369  history > cmds.log
  370  ls
  371  git status
  372  cd .
  373  cd ..
  374  ls
  375  git add worksheet2
  376  git status
  377  cd workseet2
  378  cd worksheet2
  379  ls
  380  rm 'Global YouTube Statistics.csv'
  381  rm grepMusicOutput.txt 
  382  rm grepUSOutput.txt 
  383  ls
  384  cd ..
  385  git status
  386  git commit -a -m "Commit worksheet2 to git repo"
  387  git push origin main
  388  git push origin master
  389  git remote add origin https://github.com/thienluan2901/cs131.git
  390  git push origin master
  391  git push -u origin master
  392  git push -u origin master 
  393  git push -u origin master
  394  cd worksheet2
  395  tail -35 cmds.log
  396  tail -35 cmds.log > cmds.log
  397  cat cmds.log
  398  ls
  399  vi cmds.log
  400  history > cmds.log
  401  cat cmds.log
  402  tail -65 cmds.log > i.log
  403  cat i.log 
  404  rm i.log 
  405  tail -70 cmds.log > i.txt
  406  cat i.txt 
  407  tail -67 i.txt > cmds.log 
  408  vi cmds.log 
  409  cd ..
  410  ls
  411  git add worksheet2
  412  git status
  413  cd worksheet2
  414  ls
  415  rm i.txt
  416  cd ~
  417  git status
  418  cd cs131
  419  ls
  420  git status
  421  git commit -a -m "Commit worksheet2 to github repo"
  422  git push -u origin master
  423  ls
  424  cd files
  425  ls
  426  mkdir pratice
  427  echo "Good Morning" > pratice
  428  ls
  429  rm -c pratice
  430  rm -r pratice
  431  mkdir dev
  432  touch /dev/tty
  433  echo "Good Morning" > /dev/tty
  434  cat /dev/tty
  435  cd de
  436  cd dev
  437  ls
  438  touch tty.txt
  439  ls
  440  cd ..
  441  echo "Good Morning" > /dev/tty.txt
  442  echo "Good Morning > /dev/tty
  443  hello
  444  cd dev
  445  ls
  446  cat tty
  447  cat tty.txt
  448  echo ~
  449  ps -aux
  450  ps -aux | grep daosp24
  451  ps -aux | grep <
  452  ps -aux | grep +
  453  ls
  454  cd ..
  455  ls
  456  cd cs131
  457  git status
  458  init 
  459  git init
  460  mkdir Assignment1
  461  cd Assignment1/
  462  echo $SHELL > Assignment1.txt
  463  ls
  464  cat Assignment1
  465  cat Assignment1.txt
  466  echo $HOME >> Assignment1.txt 
  467  cat Assignment1.txt 
  468  id -Gn
  469  id
  470  groups
  471  id >> Assignment1.txt 
  472  cat Assignment1.txt 
  473  mkdir myDir
  474  ls -l
  475  chmod u-w myDir
  476  ls -l
  477  ls -l >> Assignment1.txt 
  478  cd myDir/
  479  cd .
  480  cd ..
  481  cd myDir/
  482  ls
  483  cd ..
  484  mkdir myDir2 >> Assignment1.txt 
  485  cat Assignment1.txt 
  486  mkdir myDir3
  487  ls >> Assignment1.txt 
  488  cat Assignment1.txt 
  489  cd myDir2
  490  touch myFile.txt
  491  ls
  492  mv myFile.txt ./myDir3
  493  ls
  494  cd ..
  495  ls
  496  cd myDir3
  497  ls
  498  cd ..
  499  cd myDir2
  500  ls
  501  cat myDir3
  502  cd myDir3
  503  vi myDir3
  504  touch myFile.txt
  505  ls
  506  mv myFile.txt /myDir3
  507  mv myFile.txt myDir3/
  508  rm myDir3
  509  ls
  510  find / -type d -name "myDir3"
  511  mv myFile.txt /daosp24/cs131/Assignment1/myDir3
  512  ls
  513  mv myFile /daosp24/cs131/Assignment1/myDir3
  514  cd ..
  515  cd myDir3
  516  pwd
  517  cd ..
  518  cd myDir2
  519  mv myFile.txt /mnt/scratch/SP24_CS131_Jyotika/daosp24/cs131/Assignment1/myDir3
  520  ls
  521  cd myDir3
  522  cd /myDir3
  523  cd ~/cs131/Assignment1/myDir3
  524  ls
  525  free -m >> Assignment1.txt
  526  cd ..
  527  cat Assignment1.txt 
  528  free -m >> Assignment1.txt 
  529  cat Assignment1.txt 
  530  cat /etc/os-release
  531  cat /etc/os-release >> Assignment1.txt 
  532  cat Assignment1.txt 
  533  ls -l /etc/os-realease >> Assignment1.txt 
  534  ls -l /etc/os-release
  535  ls -l /etc /os-release >> Assignment1.txt 
  536  ls -l /etc/os-release >> Assignment1.txt 
  537  vi Assignment1.txt 
  538  ls
  539  cd cs131
  540  ls
  541  cd Assignment1
  542  ls
  543  rm Assignment1.txt 
  544  rm myDir
  545  rm -r myDir
  546  rm -r myDir2
  547  rm -r myDir3
  548  ls
  549  echo $SHELL
  550  echo $SHELL > Assignment1.txt
  551  echo $HOME >> Assignment1.txt 
  552  cat Assignment1.txt 
  553  id >> Assignment1.txt 
  554  cat Assignment1.txt 
  555  mkdir myDir
  556  cd myDir
  557  chmod u-w myDir
  558  cd ..
  559  chmod u-w myDir
  560  ls -l >> Assignment1.txt 
  561  cat Assignment1.txt 
  562  mkdir myDir2 myDir3
  563  ls
  564  cd myDir2
  565  touch myFile.txt
  566  cd ..
  567  cd myDir3
  568  pwd
  569  cd /daosp24/cs131/Assignment1/myDir2
  570  cd ..
  571  cd myDir2
  572  mv myFile.txt /mnt/scratch/SP24_CS131_Jyotika/daosp24/cs131/Assignment1/myDir3
  573  ls
  574  cd ..
  575  cat myDir3
  576  ls myDir3
  577  free -m >> Assignment1.txt 
  578  cat Assignment1.txt 
  579  cat /etc/os-release >> Assignment1.txt 
  580  cat Assignment1.txt 
  581  ls -l /etc/os-release >> Assignment1.txt 
  582  cat Assignment1.txt 
  583  vi Assignment1.txt 
  584  history > cmds.log
  585  vi cmds.log
  586  tail -35 cmds.log
  587  tail -35 cmds.log > x.txt
  588  x.txt > cmds.log
  589  printf x.txt > cmds.log
  590  cat cmds.log
  591  vi cmds.log
  592  cat x.txt
  593  cat x.txt > cmds.log
  594  cat cmds.log
  595  vi cmds.log
  596  history > x.txt
  597  tail -50 x.txt > cmds.log
  598  vi cmds.log
  599  ls
  600  vi Assignment1.txt 
  601  cat Assignment1.txt 
  602  cd cs131/Assignment1
  603  ls
  604  cat Assignment1.txt 
  605  vi cmds.log 
  606  cat cmds.log
  607  cd ..
  608  git stats
  609  git status
  610  cd Assignment1/
  611  ls
  612  rm x.txt
  613  ls
  614  cd ..
  615  git add Assignment1
  616  git status
  617  git rm -f Assignment1/myDir3/myFile.txt
  618  git status
  619  git commit -m "Submit Assignment1 into GitHub" 
  620  git remote add origin https://github.com/thienluan2901/cs131.git
  621  git push -u origin master
  622  man sed
  623  cd cs131
  624  mkdir Assignment2
  625  cd Assignment2
  626  touch Assignment2
  627  find /etc -type f > one.txt 2> two.txt
  628  ls
  629  vi Assignment2 
  630  cat one.txt
  631  cat two.txt 
  632  vi Assignment2.txt
  633  ls
  634  mv Assignment2 Assignment2.txt
  635  ls
  636  vi Assignment2.txt 
  637  wget https://raw.githubusercontent.com/jyotikahp/DemoRepoForCS131/main/Global%20YouTube%20Statistics.csv
  638  ls
  639  cat 'Global YouTube Statistics.csv' 
  640  cut -d',' -f21,20 your_file.csv | awk -F',' '{print $1 "-" $2}' | sort | uniq -c | sort -nr | head -n 1
  641  cut -d',' -f21,20 'Global YouTube Statistics.csv' | awk -F',' '{print $1 "," $2}' | sort | uniq -c | sort -nr | head -n 3
  642  vi Assignment2.txt 
  643  ls
  644  cd cs131/Assignment2
  645  ls
  646  vi Assignment2.txt 
  647  ps -u daosp24
  648  ps -u $(whoami)
  649  ps -u daosp24 >> Assignment2.txt 
  650  vi Assignment2.txt 
  651  vi file.txt
  652  vi Assignment2.txt 
  653  ps -x
  654  ps -q 1 -o pid=
  655  ps -g systemd
  656  ps -G systemd
  657  ps -g 1
  658  ps -G root
  659  clear
  660  vi Assignment2.txt 
  661  ps -g 1 >> Assignment2.txt 
  662  ps -p 1
  663  ps -g 1
  664  vi Assignment2.txt 
  665  history > cmds.log
