 1068  cd cs131
 1069  ls
 1070  mkdir worksheet5
 1071  cd worksheet5
 1072  vi ws5Script.sh
 1073  chmod -x ws5Script.sh 
 1074  cat ws5Script.sh 
 1075  vi ws5Script.sh 
 1076  wget https://raw.githubusercontent.com/jyotikahp/DemoRepoForCS131/main/Global%20YouTube%20Statistics.csv
 1077  ls
 1078  mkdir UnitedStates
 1079  ls
 1080  ./ws5Script.sh Global\ YouTube\ Statistics.csv  
 1081  chmod -x ws5Script.sh 
 1082  ls -l ws5Script.sh 
 1083  chmod +x ws5Script.sh 
 1084  ./ws5Script.sh Global\ YouTube\ Statistics.csv 	//Run the script
 1085  cd UnitedStates/
 1086  ls
 1087  cd ~
 1088  cd cs131/worksheet5
 1089  wc -l UnitedStates/Music >> ws5.txt	
 1090  wc -l UnitedStates/Music.txt >> ws5.txt		//get the entries of Music category
 1091  wc -l UnitedStates/Entertainment.txt >> ws5.txt	//get the entries of Entertainment category
 1092  wc -l UnitedStates/Gaming.txt >> ws5.txt		//get the entries of Gaming category
 1093  wc -l UnitedStates/Comedy.txt >> ws5.txt		//get the entries of Comedy category
 1102  history | tail -50 > cmds.log
