  334  wget https://raw.githubusercontent.com/jyotikahp/DemoRepoForCS131/main/Global%20YouTube%20Statistics.csv
  335  ls
  336  cat Global YouTube Statistics.csv
  337  cat 'Global YouTube Statistics.csv'
  338  cd cs131
  339  cd ~
  340  ls
  341  cd cs131
  342  git init
  343  cd worksheet2
  344  grep -i "United States" 'Global YouTube Statistics.csv' >> grepOutput.txt
  345  ls
  346  cat grepOutput.txt
  347  vi grepOutput.txt
  348  grep -i "Music" >> grepOutput.txt
  349  grep -i "Music" 'Global YouTube Statistics.csv' >> grepOutput.txt
  350  -vi grepOutput.txt 
  351  vi grepOutput.txt 
  352  ls
  353  rm grepOutput.txt 
  354  ls
  355  grep -i "United States" 'Global YouTube Statistics.csv' >> grepUSOutput.txt
  356  ls
  357  cat grepUSOutput.txt 
  358  grep -i "Music" 'Global YouTube Statistics.csv' >> grepMusicOutput.txt
  359  ls
  360  wc -l 'Global YouTube Statistics.csv' >> counts.txt
  361  ls
  362  cat counts.txt
  363  wc -l grepMusicOutput.txt > counts.txt 
  364  cat counts.txt 
  365  wc -w grepMusicOutput.txt >> counts.txt 
  366  cat counts.txt 
  367  vi grepMusicOutput.txt 
  368  vi counts.txt 
  369  history > cmds.log
  370  ls
  371  git status
  372  cd .
  373  cd ..
  374  ls
  375  git add worksheet2
  376  git status
  377  cd workseet2
  378  cd worksheet2
  379  ls
  380  rm 'Global YouTube Statistics.csv'
  381  rm grepMusicOutput.txt 
  382  rm grepUSOutput.txt 
  383  ls
  384  cd ..
  385  git status
  386  git commit -a -m "Commit worksheet2 to git repo"
  387  git push origin main
  388  git push origin master
  389  git remote add origin https://github.com/thienluan2901/cs131.git
  390  git push origin master
  391  git push -u origin master

